<?xml version="1.0" encoding="utf-8"?><testsuites><testsuite errors="0" failures="0" hostname="DESKTOP-P4KJ3MH" name="pytest" skipped="0" tests="8" time="1.090" timestamp="2020-06-22T13:48:06.517537"><testcase classname="test_submit.TestChallenge10" file="test_submit.py" line="8" name="test_0" time="0.292"></testcase><testcase classname="test_submit.TestChallenge10" file="test_submit.py" line="14" name="test_01" time="0.002"></testcase><testcase classname="test_submit.TestChallenge10" file="test_submit.py" line="20" name="test_1" time="0.003"></testcase><testcase classname="test_submit.TestChallenge10" file="test_submit.py" line="26" name="test_2" time="0.002"></testcase><testcase classname="test_submit.TestChallenge10" file="test_submit.py" line="32" name="test_3" time="0.002"></testcase><testcase classname="test_submit.TestChallenge10" file="test_submit.py" line="38" name="test_4" time="0.002"></testcase><testcase classname="test_submit.TestChallenge10" file="test_submit.py" line="43" name="test_5" time="0.004"></testcase><testcase classname="test_submit.TestChallenge10" file="test_submit.py" line="48" name="test_6" time="0.003"></testcase></testsuite></testsuites>