<?xml version="1.0" encoding="utf-8"?><testsuites><testsuite errors="0" failures="0" hostname="DESKTOP-P4KJ3MH" name="pytest" skipped="0" tests="3" time="0.099" timestamp="2020-06-02T15:52:15.734261"><testcase classname="test_submit.TestChallenge4" file="test_submit.py" line="6" name="test_verify_signature" time="0.000"></testcase><testcase classname="test_submit.TestChallenge4" file="test_submit.py" line="9" name="test_verify_signature_fail" time="0.002"></testcase><testcase classname="test_submit.TestChallenge4" file="test_submit.py" line="12" name="test_create_token" time="0.002"></testcase></testsuite></testsuites>